<component name="libraryTable">
  <library name="jUnit4">
    <CLASSES>
      <root url="file://$PROJECT_DIR$/../../../../WORK/Java/jUnit4.0" />
    </CLASSES>
    <JAVADOC />
    <SOURCES />
    <jarDirectory url="file://$PROJECT_DIR$/../../../../WORK/Java/jUnit4.0" recursive="false" />
  </library>
</component>